<?xml version="1.0" encoding="UTF-8"?>
<robot generator="Robot 3.2.2 (Python 3.7.4 on win32)" generated="20201202 14:33:08.806" rpa="false">
<suite id="s1" name="Desafio01" source="C:\Users\fabio\git\RobotFramework\teste\desafio01.robot">
<test id="s1-t1" name="Abrir Browser">
<kw name="Open Browser" library="SeleniumLibrary">
<doc>Opens a new browser instance to the optional ``url``.</doc>
<arguments>
<arg>${URL}</arg>
</arguments>
<msg timestamp="20201202 14:33:09.198" level="INFO">Opening browser 'firefox' to base url 'http://google.com.br'.</msg>
<msg timestamp="20201202 14:33:09.207" level="INFO">Firefox driver log is always forced to to: C:\Users\fabio\git\RobotFramework\geckodriver-54.log</msg>
<status status="PASS" starttime="20201202 14:33:09.198" endtime="20201202 14:33:21.437"></status>
</kw>
<status status="PASS" starttime="20201202 14:33:09.197" endtime="20201202 14:33:21.438" critical="yes"></status>
</test>
<test id="s1-t2" name="Pesquisar &quot;robot framework&quot; e acessar">
<kw name="Input Text" library="SeleniumLibrary">
<doc>Types the given ``text`` into the text field identified by ``locator``.</doc>
<arguments>
<arg>name:q</arg>
<arg>robot framework</arg>
</arguments>
<msg timestamp="20201202 14:33:21.464" level="INFO">Typing text 'robot framework' into text field 'name:q'.</msg>
<status status="PASS" starttime="20201202 14:33:21.464" endtime="20201202 14:33:21.724"></status>
</kw>
<kw name="Press Keys" library="SeleniumLibrary">
<doc>Simulates the user pressing key(s) to an element or on the active browser.</doc>
<arguments>
<arg>name:q</arg>
<arg>ENTER</arg>
</arguments>
<msg timestamp="20201202 14:33:21.734" level="INFO">Sending key(s) ('ENTER',) to name:q element.</msg>
<msg timestamp="20201202 14:33:22.067" level="INFO">Pressing special key ENTER to element.</msg>
<msg timestamp="20201202 14:33:22.067" level="INFO">Releasing special key ENTER.</msg>
<status status="PASS" starttime="20201202 14:33:21.734" endtime="20201202 14:33:22.108"></status>
</kw>
<status status="PASS" starttime="20201202 14:33:21.463" endtime="20201202 14:33:22.109" critical="yes"></status>
</test>
<test id="s1-t3" name="Aguardar e procurar pelo terceiro resultado">
<kw name="Sleep" library="BuiltIn">
<doc>Pauses the test executed for the given time.</doc>
<arguments>
<arg>3s</arg>
</arguments>
<msg timestamp="20201202 14:33:25.122" level="INFO">Slept 3 seconds</msg>
<status status="PASS" starttime="20201202 14:33:22.120" endtime="20201202 14:33:25.122"></status>
</kw>
<kw name="Click Link" library="SeleniumLibrary">
<doc>Clicks a link identified by ``locator``.</doc>
<arguments>
<arg>partial link:Automatizando dois cenários de teste para web com Robot ...</arg>
</arguments>
<msg timestamp="20201202 14:33:25.122" level="INFO">Clicking link 'partial link:Automatizando dois cenários de teste para web com Robot ...'.</msg>
<status status="PASS" starttime="20201202 14:33:25.122" endtime="20201202 14:33:26.396"></status>
</kw>
<kw name="Sleep" library="BuiltIn">
<doc>Pauses the test executed for the given time.</doc>
<arguments>
<arg>4s</arg>
</arguments>
<msg timestamp="20201202 14:33:30.399" level="INFO">Slept 4 seconds</msg>
<status status="PASS" starttime="20201202 14:33:26.397" endtime="20201202 14:33:30.399"></status>
</kw>
<status status="PASS" starttime="20201202 14:33:22.118" endtime="20201202 14:33:30.400" critical="yes"></status>
</test>
<test id="s1-t4" name="verificar se é o link correto">
<kw name="Sleep" library="BuiltIn">
<doc>Pauses the test executed for the given time.</doc>
<arguments>
<arg>3s</arg>
</arguments>
<msg timestamp="20201202 14:33:33.405" level="INFO">Slept 3 seconds</msg>
<status status="PASS" starttime="20201202 14:33:30.404" endtime="20201202 14:33:33.405"></status>
</kw>
<kw name="Get WebElement" library="SeleniumLibrary">
<doc>Returns the first WebElement matching the given ``locator``.</doc>
<arguments>
<arg>id:4033</arg>
</arguments>
<status status="PASS" starttime="20201202 14:33:33.406" endtime="20201202 14:33:33.428"></status>
</kw>
<kw name="Close Browser" library="SeleniumLibrary">
<doc>Closes the current browser.</doc>
<status status="PASS" starttime="20201202 14:33:33.429" endtime="20201202 14:33:34.898"></status>
</kw>
<status status="PASS" starttime="20201202 14:33:30.402" endtime="20201202 14:33:34.899" critical="yes"></status>
</test>
<status status="PASS" starttime="20201202 14:33:08.809" endtime="20201202 14:33:34.906"></status>
</suite>
<statistics>
<total>
<stat pass="4" fail="0">Critical Tests</stat>
<stat pass="4" fail="0">All Tests</stat>
</total>
<tag>
</tag>
<suite>
<stat pass="4" fail="0" id="s1" name="Desafio01">Desafio01</stat>
</suite>
</statistics>
<errors>
</errors>
</robot>
